<?xml version="1.0" encoding="UTF-8"?>
<!-- Generated by org.testng.reporters.JUnitXMLReporter -->
<testsuite ignored="0" hostname="VenkataathysMBP.attlocal.net" failures="0" tests="4" name="Default test" time="24.818" errors="0" timestamp="2023-01-05T19:32:04 EST">
  <testcase classname="tests.MainTest" name="launchFacebook" time="11.6"/>
  <testcase classname="tests.MainTest" name="launchFacebook" time="15.852"/>
  <testcase classname="tests.MainTest" name="launchGoogle" time="3.712"/>
  <testcase classname="tests.MainTest" name="launchGoogle" time="8.831"/>
</testsuite> <!-- Default test -->
